\BOOKMARK [0][-]{chapter.1}{Acceleration-Sensitive Interference}{}% 1
\BOOKMARK [1][-]{section.1.1}{Chapter Outline}{chapter.1}% 2
\BOOKMARK [1][-]{section.1.2}{Wavefront Requirements}{chapter.1}% 3
\BOOKMARK [1][-]{section.1.3}{Raman Optical System}{chapter.1}% 4
\BOOKMARK [2][-]{subsection.1.3.1}{Fringe Contrast Dependence}{section.1.3}% 5
\BOOKMARK [2][-]{subsection.1.3.2}{Raman Beam Collimator}{section.1.3}% 6
\BOOKMARK [2][-]{subsection.1.3.3}{Retro-reflection Assembly}{section.1.3}% 7
\BOOKMARK [2][-]{subsection.1.3.4}{The Mechanical Accelerometer}{section.1.3}% 8
\BOOKMARK [1][-]{section.1.4}{The M-Squared Laser System}{chapter.1}% 9
\BOOKMARK [2][-]{subsection.1.4.1}{Laser System Overview}{section.1.4}% 10
\BOOKMARK [2][-]{subsection.1.4.2}{Frequency and Phase Control}{section.1.4}% 11
\BOOKMARK [2][-]{subsection.1.4.3}{The DCS Module}{section.1.4}% 12
\BOOKMARK [1][-]{section.1.5}{Atom Detection}{chapter.1}% 13
\BOOKMARK [2][-]{subsection.1.5.1}{Optical Setup}{section.1.5}% 14
\BOOKMARK [2][-]{subsection.1.5.2}{Detection using + transitions}{section.1.5}% 15
\BOOKMARK [2][-]{subsection.1.5.3}{Measuring the Occupation Probability}{section.1.5}% 16
\BOOKMARK [2][-]{subsection.1.5.4}{Sources of Detection Noise}{section.1.5}% 17
\BOOKMARK [1][-]{section.1.6}{Individual Pulse Characterisation}{chapter.1}% 18
\BOOKMARK [2][-]{subsection.1.6.1}{Raman Spectrum}{section.1.6}% 19
\BOOKMARK [2][-]{subsection.1.6.2}{Velocity-Selective Pulse}{section.1.6}% 20
\BOOKMARK [2][-]{subsection.1.6.3}{Interferometer Pulses}{section.1.6}% 21
\BOOKMARK [1][-]{section.1.7}{Three-Pulse Atom Interference}{chapter.1}% 22
\BOOKMARK [2][-]{subsection.1.7.1}{Fringe Contrast vs. Launch Trajectory}{section.1.7}% 23
\BOOKMARK [1][-]{section.1.8}{Measuring Accelerations}{chapter.1}% 24
\BOOKMARK [2][-]{subsection.1.8.1}{Vibration Sensitivity}{section.1.8}% 25
\BOOKMARK [1][-]{section.1.9}{Sensitivity}{chapter.1}% 26
\BOOKMARK [2][-]{subsection.1.9.1}{Loading Rate}{section.1.9}% 27
\BOOKMARK [2][-]{subsection.1.9.2}{Detection Noise}{section.1.9}% 28
\BOOKMARK [2][-]{subsection.1.9.3}{Vibrations}{section.1.9}% 29
