
comp : Tex_ForwardSearchLaTeX: execString = silent! !okular --unique '/media/Storage/Dropbox/PhDWork/Thesis/jstammersThesis.pdf'\#src:28'/media/Storage/Dropbox/PhDWork/Thesis/jstammersThesis.tex' &
proj : texproject.vim: catching LatexSuiteFileType event
proj : Tex_ProjectLoad: sourcing [/media/Storage/Dropbox/PhDWork/Thesis/jstammersThesis.tex.latexmain]
env : envmacros.vim: Catching LatexSuiteFileType event
comp : compiler.vim: Catching LatexSuiteFileType event
fold : folding.vim: catching LatexSuiteFileType
SyntaxFolds : Finished folding in   0.020544 seconds.
brak : brackets.vim: Catching LatexSuiteFileType event
view : texviewer.vim: Catching LatexSuiteFileType event
main : main.vim: Catching LatexSuiteFileType event
main : SetTeXOptions: sourcing maps
comp : +Tex_SetTeXCompilerTarget: setting target to [pdf] for Compiler
comp : +Tex_SetTeXCompilerTarget: setting target to [pdf] for Viewr
comp : compiler/tex.vim: sourcing this file
pack : packages.vim: Catching LatexSuiteFileType event
pack : +Tex_pack_updateall
proj : texproject.vim: catching LatexSuiteFileType event
proj : Tex_ProjectLoad: sourcing [/media/Storage/Dropbox/PhDWork/Thesis/jstammersThesis.tex.latexmain]
env : envmacros.vim: Catching LatexSuiteFileType event
comp : compiler.vim: Catching LatexSuiteFileType event
fold : folding.vim: catching LatexSuiteFileType
brak : brackets.vim: Catching LatexSuiteFileType event
view : texviewer.vim: Catching LatexSuiteFileType event
main : main.vim: Catching LatexSuiteFileType event
pack : packages.vim: Catching LatexSuiteFileType event
pack : +Tex_pack_updateall
comp : +Tex_RunLaTeX, b:fragmentFile = 0
comp : Tex_RunLaTeX: compiling to target [pdf]
comp : Tex_RunLaTeX: getting dependency chain = [pdf]
comp : +Tex_SetTeXCompilerTarget: setting target to [pdf] for Compiler
comp : Tex_RunLaTeX: setting target to pdf
comp : Tex_RunLaTeX: compiling file once via Tex_CompileLatex
comp : Tex_CompileLatex: getting mainfname = [jstammersThesis.tex] from Tex_GetMainFileName
comp : Tex_CompileLatex: execing [make! jstammersThesis.tex]
comp : Tex_RunLaTeX: errlist = [
 1 /usr/local/texlive/2017/texmf-dist/tex/latex/biblatex/blx-bibtex.def warning: Package biblatex Warning: Using fall-back BibTeX(8) backend: functionality may be reduced/unavailable.
 2 jstammersThesis.bbl warning: Package biblatex Warning: BibTeX reported the following issues with 'Berkeland2002': - Invalid format of field 'month'.
 3 jstammersThesis.bbl warning: Package biblatex Warning: BibTeX reported the following issues with 'Dieckmann1998': - Invalid format of field 'month'.
 4 jstammersThesis.bbl warning: Package biblatex Warning: BibTeX reported the following issues with 'Foote1992': - Invalid format of field 'month'.
 5 jstammersThesis.bbl warning: Package biblatex Warning: BibTeX reported the following issues with 'Keshet2012': - Invalid format of field 'month'.
 6 jstammersThesis.bbl warning: Package biblatex Warning: BibTeX reported the following issues with 'Nelder1965': - Invalid format of field 'month'.
 7 jstammersThesis.bbl warning: Package biblatex Warning: BibTeX reported the following issues with 'Ohshima1995': - Invalid format of field 'month'.
 8 jstammersThesis.bbl warning: Package biblatex Warning: BibTeX reported the following issues with 'Prentiss1988': - Invalid format of field 'month'.
 9 jstammersThesis.bbl warning: Package biblatex Warning: BibTeX reported the following issues with 'Schkolnik2015a': - Invalid format of field 'month'.
10 jstammersThesis.bbl warning: Package biblatex Warning: BibTeX reported the following issues with 'Schoser2002': - Invalid format of field 'month'.
11 jstammersThesis.bbl warning: Package biblatex Warning: BibTeX reported the following issues with 'Steane1992': - Invalid format of field 'month'.
12 jstammersThesis.bbl warning: Package biblatex Warning: BibTeX reported the following issues with 'Tackmann2012': - Invalid format of field 'month'.
13 jstammersThesis.bbl warning: Package biblatex Warning: BibTeX reported the following issues with 'Walhout1992': - Invalid format of field 'month'.
14 jstammersThesis.bbl warning: Package biblatex Warning: BibTeX reported the following issues with 'Weiss1994': - Invalid format of field 'month'.
15 jstammersThesis.bbl warning: Package biblatex Warning: BibTeX reported the following issues with 'Welch1967': - Invalid format of field 'month'.
16 jstammersThesis.bbl warning: Package biblatex Warning: BibTeX reported the following issues with 'Zhang2004': - Invalid format of field 'month'.
17 theory.tex warning: Package microtype Warning: Unknown slot number of character `\textminus ' in font encoding `TS1' in protrusion list `textcomp'.
18 theory.tex warning: Package microtype Warning: Unknown slot number of character `\texttrademark ' in font encoding `TS1' in protrusion list `textcomp'.
19 theory.tex warning: Package microtype Warning: Unknown slot number of character `\textcopyright ' in font encoding `TS1' in protrusion list `textcomp'.
20 theory.tex warning: Package microtype Warning: Unknown slot number of character `\textregistered ' in font encoding `TS1' in protrusion list `textcomp'.
21 theory.tex warning: Package microtype Warning: Unknown slot number of character `\textdegree ' in font encoding `TS1' in protrusion list `textcomp'.
22 comment.cut warning: Package rerunfilecheck Warning: File `jstammersThesis.out' has changed. Rerun to get outlines right or use package `bookmark'.
23 comment.cut warning: LaTeX Warning: There were undefined references.
24 comment.cut warning: LaTeX Warning: Label(s) may have changed. Rerun to get cross-references right.
25 comment.cut warning: Package biblatex Warning: Please (re)run BibTeX on the file(s): jstammersThesis and rerun LaTeX afterwards.
26 /usr/local/texlive/2017/texmf-dist/tex/latex/biblatex/blx-bibtex.def warning: Package biblatex Warning: Using fall-back BibTeX(8) backend: functionality may be reduced/unavailable.
27 theory.tex warning: Package microtype Warning: Unknown slot number of character `\textminus ' in font encoding `TS1' in protrusion list `textcomp'.
28 theory.tex warning: Package microtype Warning: Unknown slot number of character `\texttrademark ' in font encoding `TS1' in protrusion list `textcomp'.
29 theory.tex warning: Package microtype Warning: Unknown slot number of character `\textcopyright ' in font encoding `TS1' in protrusion list `textcomp'.
30 theory.tex warning: Package microtype Warning: Unknown slot number of character `\textregistered ' in font encoding `TS1' in protrusion list `textcomp'.
31 theory.tex warning: Package microtype Warning: Unknown slot number of character `\textdegree ' in font encoding `TS1' in protrusion list `textcomp'.
32 comment.cut:10 warning: LaTeX Warning: Empty bibliography on input line 10.
33 /usr/local/texlive/2017/texmf-dist/tex/latex/biblatex/blx-bibtex.def warning: Package biblatex Warning: Using fall-back BibTeX(8) backend: functionality may be reduced/unavailable.
34 theory.tex warning: Package microtype Warning: Unknown slot number of character `\textminus ' in font encoding `TS1' in protrusion list `textcomp'.
35 theory.tex warning: Package microtype Warning: Unknown slot number of character `\texttrademark ' in font encoding `TS1' in protrusion list `textcomp'.
36 theory.tex warning: Package microtype Warning: Unknown slot number of character `\textcopyright ' in font encoding `TS1' in protrusion list `textcomp'.
37 theory.tex warning: Package microtype Warning: Unknown slot number of character `\textregistered ' in font encoding `TS1' in protrusion list `textcomp'.
38 theory.tex warning: Package microtype Warning: Unknown slot number of character `\textdegree ' in font encoding `TS1' in protrusion list `textcomp'.
39 comment.cut:10 warning: LaTeX Warning: Empty bibliography on input line 10.]
comp : Tex_RunLaTeX: There were errors in compiling, breaking chain...
comp : Tex_SetupErrorWindow: mfnlog = jstammersThesis.log
comp : -Tex_RunLaTeX
proj : texproject.vim: catching LatexSuiteFileType event
proj : Tex_ProjectLoad: sourcing [/media/Storage/Dropbox/PhDWork/Thesis/jstammersThesis.tex.latexmain]
env : envmacros.vim: Catching LatexSuiteFileType event
comp : compiler.vim: Catching LatexSuiteFileType event
fold : folding.vim: catching LatexSuiteFileType
brak : brackets.vim: Catching LatexSuiteFileType event
view : texviewer.vim: Catching LatexSuiteFileType event
main : main.vim: Catching LatexSuiteFileType event
pack : packages.vim: Catching LatexSuiteFileType event
pack : +Tex_pack_updateall
proj : texproject.vim: catching LatexSuiteFileType event
proj : Tex_ProjectLoad: sourcing [/media/Storage/Dropbox/PhDWork/Thesis/jstammersThesis.tex.latexmain]
env : envmacros.vim: Catching LatexSuiteFileType event
comp : compiler.vim: Catching LatexSuiteFileType event
fold : folding.vim: catching LatexSuiteFileType
brak : brackets.vim: Catching LatexSuiteFileType event
view : texviewer.vim: Catching LatexSuiteFileType event
main : main.vim: Catching LatexSuiteFileType event
pack : packages.vim: Catching LatexSuiteFileType event
pack : +Tex_pack_updateall
proj : texproject.vim: catching LatexSuiteFileType event
proj : Tex_ProjectLoad: sourcing [/media/Storage/Dropbox/PhDWork/Thesis/jstammersThesis.tex.latexmain]
env : envmacros.vim: Catching LatexSuiteFileType event
comp : compiler.vim: Catching LatexSuiteFileType event
fold : folding.vim: catching LatexSuiteFileType
SyntaxFolds : Finished folding in   0.083412 seconds.
brak : brackets.vim: Catching LatexSuiteFileType event
view : texviewer.vim: Catching LatexSuiteFileType event
main : main.vim: Catching LatexSuiteFileType event
main : SetTeXOptions: sourcing maps
comp : +Tex_SetTeXCompilerTarget: setting target to [pdf] for Compiler
comp : +Tex_SetTeXCompilerTarget: setting target to [pdf] for Viewr
comp : compiler/tex.vim: sourcing this file
pack : packages.vim: Catching LatexSuiteFileType event
pack : +Tex_pack_updateall
pack : :Tex_pack_updateall: sview /media/Storage/Dropbox/PhDWork/Thesis/jstammersThesis.tex
pack : +Tex_ScanForPackages
pack : :Tex_ScanForPackages: Begining scans in [jstammersThesis.tex], beginline = 20
pack : :Tex_ScanForPackages: beginning scan for \usepackage lines
pack : :Tex_ScanForPackages: End scan \usepackage, detected packages = 
pack : :Tex_ScanForPackages: Beginning scan for \newcommand's
pack : :Tex_ScanForPackages: Beginning scan for \newenvironment's
pack : -Tex_ScanForPackages
pack : :Tex_pack_updateall: detected [] in first run
pack : :Tex_pack_updateall: throwing LatexSuiteScannedPackages event
pack : -Tex_pack_updateall
proj : texproject.vim: catching LatexSuiteFileType event
proj : Tex_ProjectLoad: sourcing [/media/Storage/Dropbox/PhDWork/Thesis/jstammersThesis.tex.latexmain]
env : envmacros.vim: Catching LatexSuiteFileType event
comp : compiler.vim: Catching LatexSuiteFileType event
fold : folding.vim: catching LatexSuiteFileType
SyntaxFolds : Finished folding in   0.087523 seconds.
brak : brackets.vim: Catching LatexSuiteFileType event
view : texviewer.vim: Catching LatexSuiteFileType event
main : main.vim: Catching LatexSuiteFileType event
main : SetTeXOptions: sourcing maps
comp : +Tex_SetTeXCompilerTarget: setting target to [pdf] for Compiler
comp : +Tex_SetTeXCompilerTarget: setting target to [pdf] for Viewr
comp : compiler/tex.vim: sourcing this file
pack : packages.vim: Catching LatexSuiteFileType event
pack : +Tex_pack_updateall
pack : :Tex_pack_updateall: sview /media/Storage/Dropbox/PhDWork/Thesis/jstammersThesis.tex
pack : +Tex_ScanForPackages
pack : :Tex_ScanForPackages: Begining scans in [jstammersThesis.tex], beginline = 20
pack : :Tex_ScanForPackages: beginning scan for \usepackage lines
pack : :Tex_ScanForPackages: End scan \usepackage, detected packages = 
pack : :Tex_ScanForPackages: Beginning scan for \newcommand's
pack : :Tex_ScanForPackages: Beginning scan for \newenvironment's
pack : -Tex_ScanForPackages
pack : :Tex_pack_updateall: detected [] in first run
pack : :Tex_pack_updateall: throwing LatexSuiteScannedPackages event
pack : -Tex_pack_updateall
proj : texproject.vim: catching LatexSuiteFileType event
proj : Tex_ProjectLoad: sourcing [/media/Storage/Dropbox/PhDWork/Thesis/jstammersThesis.tex.latexmain]
env : envmacros.vim: Catching LatexSuiteFileType event
comp : compiler.vim: Catching LatexSuiteFileType event
fold : folding.vim: catching LatexSuiteFileType
SyntaxFolds : Finished folding in   0.096993 seconds.
brak : brackets.vim: Catching LatexSuiteFileType event
view : texviewer.vim: Catching LatexSuiteFileType event
main : main.vim: Catching LatexSuiteFileType event
main : SetTeXOptions: sourcing maps
comp : +Tex_SetTeXCompilerTarget: setting target to [pdf] for Compiler
comp : +Tex_SetTeXCompilerTarget: setting target to [pdf] for Viewr
comp : compiler/tex.vim: sourcing this file
pack : packages.vim: Catching LatexSuiteFileType event
pack : +Tex_pack_updateall
pack : :Tex_pack_updateall: sview /media/Storage/Dropbox/PhDWork/Thesis/jstammersThesis.tex
pack : +Tex_ScanForPackages
pack : :Tex_ScanForPackages: Begining scans in [jstammersThesis.tex], beginline = 20
pack : :Tex_ScanForPackages: beginning scan for \usepackage lines
pack : :Tex_ScanForPackages: End scan \usepackage, detected packages = 
pack : :Tex_ScanForPackages: Beginning scan for \newcommand's
pack : :Tex_ScanForPackages: Beginning scan for \newenvironment's
pack : -Tex_ScanForPackages
pack : :Tex_pack_updateall: detected [] in first run
pack : :Tex_pack_updateall: throwing LatexSuiteScannedPackages event
pack : -Tex_pack_updateall
proj : texproject.vim: catching LatexSuiteFileType event
proj : Tex_ProjectLoad: sourcing [/media/Storage/Dropbox/PhDWork/Thesis/jstammersThesis.tex.latexmain]
env : envmacros.vim: Catching LatexSuiteFileType event
comp : compiler.vim: Catching LatexSuiteFileType event
fold : folding.vim: catching LatexSuiteFileType
SyntaxFolds : Finished folding in   0.094063 seconds.
brak : brackets.vim: Catching LatexSuiteFileType event
view : texviewer.vim: Catching LatexSuiteFileType event
main : main.vim: Catching LatexSuiteFileType event
main : SetTeXOptions: sourcing maps
comp : +Tex_SetTeXCompilerTarget: setting target to [pdf] for Compiler
comp : +Tex_SetTeXCompilerTarget: setting target to [pdf] for Viewr
comp : compiler/tex.vim: sourcing this file
pack : packages.vim: Catching LatexSuiteFileType event
pack : +Tex_pack_updateall
pack : :Tex_pack_updateall: sview /media/Storage/Dropbox/PhDWork/Thesis/jstammersThesis.tex
pack : +Tex_ScanForPackages
pack : :Tex_ScanForPackages: Begining scans in [jstammersThesis.tex], beginline = 20
pack : :Tex_ScanForPackages: beginning scan for \usepackage lines
pack : :Tex_ScanForPackages: End scan \usepackage, detected packages = 
pack : :Tex_ScanForPackages: Beginning scan for \newcommand's
pack : :Tex_ScanForPackages: Beginning scan for \newenvironment's
pack : -Tex_ScanForPackages
pack : :Tex_pack_updateall: detected [] in first run
pack : :Tex_pack_updateall: throwing LatexSuiteScannedPackages event
pack : -Tex_pack_updateall
comp : +Tex_RunLaTeX, b:fragmentFile = 0
comp : Tex_RunLaTeX: compiling to target [pdf]
comp : Tex_RunLaTeX: getting dependency chain = [pdf]
comp : +Tex_SetTeXCompilerTarget: setting target to [pdf] for Compiler
comp : Tex_RunLaTeX: setting target to pdf
comp : Tex_RunLaTeX: compiling file once via Tex_CompileLatex
comp : Tex_CompileLatex: getting mainfname = [jstammersThesis.tex] from Tex_GetMainFileName
comp : Tex_CompileLatex: execing [make! jstammersThesis.tex]
comp : Tex_RunLaTeX: errlist = [
 1 /usr/local/texlive/2017/texmf-dist/tex/latex/biblatex/blx-bibtex.def warning: Package biblatex Warning: Using fall-back BibTeX(8) backend: functionality may be reduced/unavailable.
 2 theory.tex warning: Package acronym Warning: Acronym `rb87' is not defined on input line 12.
 3 theory.tex warning: Package acronym Warning: Acronym `rb87' is not defined on input line 12.
 4 theory.tex:13 warning: LaTeX Warning: Reference `sec:theory_rb87' on page 1 undefined on input line 13
 5 theory.tex warning: Package acronym Warning: Acronym `rb87' is not defined on input line 25.
 6 theory.tex warning: LaTeX Warning: Reference `fig:rb87_hyperfine' on page 2 undefined on input line
 7 theory.tex warning: Package microtype Warning: Unknown slot number of character `\textminus ' in font encoding `TS1' in protrusion list `textcomp'.
 8 theory.tex warning: Package microtype Warning: Unknown slot number of character `\texttrademark ' in font encoding `TS1' in protrusion list `textcomp'.
 9 theory.tex warning: Package microtype Warning: Unknown slot number of character `\textcopyright ' in font encoding `TS1' in protrusion list `textcomp'.
10 theory.tex warning: Package microtype Warning: Unknown slot number of character `\textregistered ' in font encoding `TS1' in protrusion list `textcomp'.
11 theory.tex warning: Package microtype Warning: Unknown slot number of character `\textdegree ' in font encoding `TS1' in protrusion list `textcomp'.
12 comment.cut:10 warning: LaTeX Warning: Empty bibliography on input line 10.
13 comment.cut warning: Package rerunfilecheck Warning: File `jstammersThesis.out' has changed. Rerun to get outlines right or use package `bookmark'.
14 comment.cut warning: LaTeX Warning: There were undefined references.
15 comment.cut warning: LaTeX Warning: Label(s) may have changed. Rerun to get cross-references right.
16 /usr/local/texlive/2017/texmf-dist/tex/latex/biblatex/blx-bibtex.def warning: Package biblatex Warning: Using fall-back BibTeX(8) backend: functionality may be reduced/unavailable.
17 theory.tex warning: Package acronym Warning: Acronym `rb87' is not defined on input line 12.
18 theory.tex warning: Package acronym Warning: Acronym `rb87' is not defined on input line 12.
19 theory.tex:13 warning: LaTeX Warning: Reference `sec:theory_rb87' on page 1 undefined on input line 13
20 theory.tex warning: Package acronym Warning: Acronym `rb87' is not defined on input line 25.
21 theory.tex warning: LaTeX Warning: Reference `fig:rb87_hyperfine' on page 2 undefined on input line
22 theory.tex warning: Package microtype Warning: Unknown slot number of character `\textminus ' in font encoding `TS1' in protrusion list `textcomp'.
23 theory.tex warning: Package microtype Warning: Unknown slot number of character `\texttrademark ' in font encoding `TS1' in protrusion list `textcomp'.
24 theory.tex warning: Package microtype Warning: Unknown slot number of character `\textcopyright ' in font encoding `TS1' in protrusion list `textcomp'.
25 theory.tex warning: Package microtype Warning: Unknown slot number of character `\textregistered ' in font encoding `TS1' in protrusion list `textcomp'.
26 theory.tex warning: Package microtype Warning: Unknown slot number of character `\textdegree ' in font encoding `TS1' in protrusion list `textcomp'.
27 comment.cut:10 warning: LaTeX Warning: Empty bibliography on input line 10.
28 comment.cut warning: LaTeX Warning: There were undefined references.]
comp : Tex_RunLaTeX: There were errors in compiling, breaking chain...
comp : Tex_SetupErrorWindow: mfnlog = jstammersThesis.log
proj : texproject.vim: catching LatexSuiteFileType event
proj : Tex_ProjectLoad: sourcing [/media/Storage/Dropbox/PhDWork/Thesis/jstammersThesis.tex.latexmain]
env : envmacros.vim: Catching LatexSuiteFileType event
comp : compiler.vim: Catching LatexSuiteFileType event
fold : folding.vim: catching LatexSuiteFileType
SyntaxFolds : Finished folding in   0.007760 seconds.
brak : brackets.vim: Catching LatexSuiteFileType event
view : texviewer.vim: Catching LatexSuiteFileType event
main : main.vim: Catching LatexSuiteFileType event
main : SetTeXOptions: sourcing maps
comp : +Tex_SetTeXCompilerTarget: setting target to [pdf] for Compiler
comp : +Tex_SetTeXCompilerTarget: setting target to [pdf] for Viewr
comp : compiler/tex.vim: sourcing this file
pack : packages.vim: Catching LatexSuiteFileType event
pack : +Tex_pack_updateall
comp : -Tex_RunLaTeX
proj : texproject.vim: catching LatexSuiteFileType event
proj : Tex_ProjectLoad: sourcing [/media/Storage/Dropbox/PhDWork/Thesis/jstammersThesis.tex.latexmain]
env : envmacros.vim: Catching LatexSuiteFileType event
comp : compiler.vim: Catching LatexSuiteFileType event
fold : folding.vim: catching LatexSuiteFileType
brak : brackets.vim: Catching LatexSuiteFileType event
view : texviewer.vim: Catching LatexSuiteFileType event
main : main.vim: Catching LatexSuiteFileType event
pack : packages.vim: Catching LatexSuiteFileType event
pack : +Tex_pack_updateall
proj : texproject.vim: catching LatexSuiteFileType event
proj : Tex_ProjectLoad: sourcing [/media/Storage/Dropbox/PhDWork/Thesis/jstammersThesis.tex.latexmain]
env : envmacros.vim: Catching LatexSuiteFileType event
comp : compiler.vim: Catching LatexSuiteFileType event
fold : folding.vim: catching LatexSuiteFileType
brak : brackets.vim: Catching LatexSuiteFileType event
view : texviewer.vim: Catching LatexSuiteFileType event
main : main.vim: Catching LatexSuiteFileType event
pack : packages.vim: Catching LatexSuiteFileType event
pack : +Tex_pack_updateall
proj : texproject.vim: catching LatexSuiteFileType event
proj : Tex_ProjectLoad: sourcing [/media/Storage/Dropbox/PhDWork/Thesis/jstammersThesis.tex.latexmain]
env : envmacros.vim: Catching LatexSuiteFileType event
comp : compiler.vim: Catching LatexSuiteFileType event
fold : folding.vim: catching LatexSuiteFileType
SyntaxFolds : Finished folding in   0.095270 seconds.
brak : brackets.vim: Catching LatexSuiteFileType event
view : texviewer.vim: Catching LatexSuiteFileType event
main : main.vim: Catching LatexSuiteFileType event
main : SetTeXOptions: sourcing maps
comp : +Tex_SetTeXCompilerTarget: setting target to [pdf] for Compiler
comp : +Tex_SetTeXCompilerTarget: setting target to [pdf] for Viewr
comp : compiler/tex.vim: sourcing this file
pack : packages.vim: Catching LatexSuiteFileType event
pack : +Tex_pack_updateall
pack : :Tex_pack_updateall: sview /media/Storage/Dropbox/PhDWork/Thesis/jstammersThesis.tex
pack : +Tex_ScanForPackages
pack : :Tex_ScanForPackages: Begining scans in [jstammersThesis.tex], beginline = 20
pack : :Tex_ScanForPackages: beginning scan for \usepackage lines
pack : :Tex_ScanForPackages: End scan \usepackage, detected packages = 
pack : :Tex_ScanForPackages: Beginning scan for \newcommand's
pack : :Tex_ScanForPackages: Beginning scan for \newenvironment's
pack : -Tex_ScanForPackages
pack : :Tex_pack_updateall: detected [] in first run
pack : :Tex_pack_updateall: throwing LatexSuiteScannedPackages event
pack : -Tex_pack_updateall